<?xml version="1.0" encoding="UTF-8"?>
<testsuite name="com.diana.ThemeParkApplicationIT" tests="4" skipped="0" failures="0" errors="0" timestamp="2021-02-20T16:38:22" hostname="ip-192-168-0-10.ec2.internal" time="0.442">
  <properties/>
  <testcase name="getsAllRides" classname="com.diana.ThemeParkApplicationIT" time="0.339"/>
  <testcase name="getsSingleRide" classname="com.diana.ThemeParkApplicationIT" time="0.023"/>
  <testcase name="returnsNotFoundForInvalidSingleRide" classname="com.diana.ThemeParkApplicationIT" time="0.008"/>
  <testcase name="addsNewRide" classname="com.diana.ThemeParkApplicationIT" time="0.069"/>
  <system-out><![CDATA[11:38:16.886 [Test worker] DEBUG org.springframework.test.annotation.ProfileValueUtils - Retrieved @ProfileValueSourceConfiguration [null] for test class [com.diana.ThemeParkApplicationIT]
11:38:16.886 [Test worker] DEBUG org.springframework.test.annotation.ProfileValueUtils - Retrieved ProfileValueSource type [class org.springframework.test.annotation.SystemProfileValueSource] for class [com.diana.ThemeParkApplicationIT]
11:38:16.887 [Test worker] DEBUG org.springframework.test.annotation.ProfileValueUtils - Retrieved @ProfileValueSourceConfiguration [null] for test class [com.diana.ThemeParkApplicationIT]
11:38:16.887 [Test worker] DEBUG org.springframework.test.annotation.ProfileValueUtils - Retrieved ProfileValueSource type [class org.springframework.test.annotation.SystemProfileValueSource] for class [com.diana.ThemeParkApplicationIT]
11:38:16.893 [Test worker] DEBUG org.springframework.test.context.support.AbstractDirtiesContextTestExecutionListener - Before test class: context [DefaultTestContext@3e374dd4 testClass = ThemeParkApplicationIT, testInstance = [null], testMethod = [null], testException = [null], mergedContextConfiguration = [WebMergedContextConfiguration@3d66b71a testClass = ThemeParkApplicationIT, locations = '{}', classes = '{class com.diana.ThemeParkApplication}', contextInitializerClasses = '[]', activeProfiles = '{}', propertySourceLocations = '{}', propertySourceProperties = '{org.springframework.boot.test.context.SpringBootTestContextBootstrapper=true}', contextCustomizers = set[org.springframework.boot.test.autoconfigure.properties.PropertyMappingContextCustomizer@4b3fa0b3, org.springframework.boot.test.autoconfigure.web.servlet.WebDriverContextCustomizerFactory$Customizer@dff1162, [ImportsContextCustomizer@389c5472 key = [org.springframework.boot.test.autoconfigure.web.servlet.MockMvcAutoConfiguration, org.springframework.boot.test.autoconfigure.web.servlet.MockMvcWebClientAutoConfiguration, org.springframework.boot.test.autoconfigure.web.servlet.MockMvcWebDriverAutoConfiguration, org.springframework.boot.autoconfigure.security.oauth2.client.servlet.OAuth2ClientAutoConfiguration, org.springframework.boot.autoconfigure.security.oauth2.resource.servlet.OAuth2ResourceServerAutoConfiguration, org.springframework.boot.autoconfigure.security.servlet.SecurityAutoConfiguration, org.springframework.boot.autoconfigure.security.servlet.SecurityFilterAutoConfiguration, org.springframework.boot.autoconfigure.security.servlet.UserDetailsServiceAutoConfiguration, org.springframework.boot.test.autoconfigure.web.servlet.MockMvcSecurityConfiguration]], org.springframework.boot.test.context.filter.ExcludeFilterContextCustomizer@12fade78, org.springframework.boot.test.json.DuplicateJsonObjectContextCustomizerFactory$DuplicateJsonObjectContextCustomizer@3d830d1b, org.springframework.boot.test.mock.mockito.MockitoContextCustomizer@0, org.springframework.boot.test.web.client.TestRestTemplateContextCustomizer@79e73649, org.springframework.boot.test.context.SpringBootTestArgs@1], resourceBasePath = 'src/main/webapp', contextLoader = 'org.springframework.boot.test.context.SpringBootContextLoader', parent = [null]], attributes = map['org.springframework.test.context.web.ServletTestExecutionListener.activateListener' -> true]], class annotated with @DirtiesContext [false] with mode [null].
11:38:16.896 [Test worker] DEBUG org.springframework.test.annotation.ProfileValueUtils - Retrieved @ProfileValueSourceConfiguration [null] for test class [com.diana.ThemeParkApplicationIT]
11:38:16.897 [Test worker] DEBUG org.springframework.test.annotation.ProfileValueUtils - Retrieved ProfileValueSource type [class org.springframework.test.annotation.SystemProfileValueSource] for class [com.diana.ThemeParkApplicationIT]
11:38:16.928 [Test worker] DEBUG org.springframework.test.context.support.TestPropertySourceUtils - Adding inlined properties to environment: {spring.jmx.enabled=false, org.springframework.boot.test.context.SpringBootTestContextBootstrapper=true}

  .   ____          _            __ _ _
 /\\ / ___'_ __ _ _(_)_ __  __ _ \ \ \ \
( ( )\___ | '_ | '_| | '_ \/ _` | \ \ \ \
 \\/  ___)| |_)| | | | | || (_| |  ) ) ) )
  '  |____| .__|_| |_|_| |_\__, | / / / /
 =========|_|==============|___/=/_/_/_/
 :: Spring Boot ::        (v2.3.4.RELEASE)

2021-02-20 11:38:18.398  INFO 92123 --- [    Test worker] com.diana.ThemeParkApplicationIT         : Starting ThemeParkApplicationIT on ip-192-168-0-10.ec2.internal with PID 92123 (started by digonzalez in /Users/digonzalez/Documents/SpringBootAppDiana)
2021-02-20 11:38:18.399  INFO 92123 --- [    Test worker] com.diana.ThemeParkApplicationIT         : No active profile set, falling back to default profiles: default
2021-02-20 11:38:19.454  INFO 92123 --- [    Test worker] .s.d.r.c.RepositoryConfigurationDelegate : Bootstrapping Spring Data JPA repositories in DEFERRED mode.
2021-02-20 11:38:19.524  INFO 92123 --- [    Test worker] .s.d.r.c.RepositoryConfigurationDelegate : Finished Spring Data repository scanning in 55ms. Found 1 JPA repository interfaces.
2021-02-20 11:38:20.055  INFO 92123 --- [    Test worker] o.s.s.concurrent.ThreadPoolTaskExecutor  : Initializing ExecutorService 'applicationTaskExecutor'
2021-02-20 11:38:20.144  INFO 92123 --- [    Test worker] com.zaxxer.hikari.HikariDataSource       : HikariPool-1 - Starting...
2021-02-20 11:38:20.386  INFO 92123 --- [    Test worker] com.zaxxer.hikari.HikariDataSource       : HikariPool-1 - Start completed.
2021-02-20 11:38:20.469  INFO 92123 --- [         task-1] o.hibernate.jpa.internal.util.LogHelper  : HHH000204: Processing PersistenceUnitInfo [name: default]
2021-02-20 11:38:20.566  INFO 92123 --- [         task-1] org.hibernate.Version                    : HHH000412: Hibernate ORM core version 5.4.21.Final
2021-02-20 11:38:20.823  WARN 92123 --- [    Test worker] JpaBaseConfiguration$JpaWebConfiguration : spring.jpa.open-in-view is enabled by default. Therefore, database queries may be performed during view rendering. Explicitly configure spring.jpa.open-in-view to disable this warning
2021-02-20 11:38:20.837  INFO 92123 --- [         task-1] o.hibernate.annotations.common.Version   : HCANN000001: Hibernate Commons Annotations {5.1.0.Final}
2021-02-20 11:38:21.050  INFO 92123 --- [         task-1] org.hibernate.dialect.Dialect            : HHH000400: Using dialect: org.hibernate.dialect.H2Dialect
2021-02-20 11:38:22.058  INFO 92123 --- [         task-1] o.h.e.t.j.p.i.JtaPlatformInitiator       : HHH000490: Using JtaPlatform implementation: [org.hibernate.engine.transaction.jta.platform.internal.NoJtaPlatform]
2021-02-20 11:38:22.066  INFO 92123 --- [         task-1] j.LocalContainerEntityManagerFactoryBean : Initialized JPA EntityManagerFactory for persistence unit 'default'
2021-02-20 11:38:22.214  INFO 92123 --- [    Test worker] o.s.b.t.m.w.SpringBootMockServletContext : Initializing Spring TestDispatcherServlet ''
2021-02-20 11:38:22.214  INFO 92123 --- [    Test worker] o.s.t.web.servlet.TestDispatcherServlet  : Initializing Servlet ''
2021-02-20 11:38:22.228  INFO 92123 --- [    Test worker] o.s.b.a.e.web.EndpointLinksResolver      : Exposing 2 endpoint(s) beneath base path '/actuator'
2021-02-20 11:38:22.260  INFO 92123 --- [    Test worker] o.s.t.web.servlet.TestDispatcherServlet  : Completed initialization in 46 ms
2021-02-20 11:38:22.283  INFO 92123 --- [    Test worker] DeferredRepositoryInitializationListener : Triggering deferred initialization of Spring Data repositories…
2021-02-20 11:38:22.778  INFO 92123 --- [    Test worker] DeferredRepositoryInitializationListener : Spring Data repositories initialized!
2021-02-20 11:38:22.792  INFO 92123 --- [    Test worker] com.diana.ThemeParkApplicationIT         : Started ThemeParkApplicationIT in 5.854 seconds (JVM running for 7.014)
]]></system-out>
  <system-err><![CDATA[]]></system-err>
</testsuite>
